Processing OG330_11835...
cat: -: Bad file descriptor
Processing OG460_12415...
cat: -: Bad file descriptor
Processing OG525_11825...
cat: -: Bad file descriptor
Processing OG531_11690...
cat: -: Bad file descriptor
Processing OG695_19090...
cat: -: Bad file descriptor
Processing OG919_19085...
cat: -: Bad file descriptor
Processing OG950_11825...
cat: -: Bad file descriptor
Processing OG954_11780...
cat: -: Bad file descriptor
Processing OG998_19020...
cat: -: Bad file descriptor
Processing OG330_11835...
cat: -: Bad file descriptor
Processing OH723_11925...
cat: -: Bad file descriptor
Processing OG460_12415...
cat: -: Bad file descriptor
Processing OH730_11595...
cat: -: Bad file descriptor
Processing OG525_11825...
cat: -: Bad file descriptor
Processing OH749_11845...
cat: -: Bad file descriptor
Processing OG531_11690...
cat: -: Bad file descriptor
Processing OH810_18985...
cat: -: Bad file descriptor
Processing OG695_19090...
cat: -: Bad file descriptor
Processing IE274_RS09620...
cat: -: Bad file descriptor
Processing OHA92_18970...
cat: -: Bad file descriptor
No results found for IE274_RS09620
Processing L3i22_RS39520...
cat: -: Bad file descriptor
Processing OG919_19085...
cat: -: Bad file descriptor
No results found for L3i22_RS39520
Processing OG216_03310...
cat: -: Bad file descriptor
Processing OIE91_12440...
cat: -: Bad file descriptor
Processing OG950_11825...
cat: -: Bad file descriptor
Processing OG294_18940...
Processing OIF23_11790...
cat: -: Bad file descriptor
cat: -: Bad file descriptor
Processing OG954_11780...
cat: -: Bad file descriptor
Conversion complete. Results saved to samhals/cluster_analysis/cluster8.tsv
All FASTA sequences saved to samhals/cluster_analysis/cluster8.fasta
Processing OG403_17545...
cat: -: Bad file descriptor
Processing OG998_19020...
cat: -: Bad file descriptor
Processing N1H47_RS36930...
cat: -: Bad file descriptor
Processing OG467_44020...
cat: -: Bad file descriptor
No results found for N1H47_RS36930
Processing P0D74_RS02945...
cat: -: Bad file descriptor
Processing OH723_11925...
cat: -: Bad file descriptor
Processing OG470_29165...
cat: -: Bad file descriptor
No results found for P0D74_RS02945
Conversion complete. Results saved to samhals/cluster_analysis/cluster11.tsv
All FASTA sequences saved to samhals/cluster_analysis/cluster11.fasta
Processing OH730_11595...
cat: -: Bad file descriptor
Processing OG500_18010...
cat: -: Bad file descriptor
Processing OH749_11845...
cat: -: Bad file descriptor
Processing OG760_00125...
cat: -: Bad file descriptor
Processing OH810_18985...
cat: -: Bad file descriptor
Processing ADHAQ_RS0115825...
cat: -: Bad file descriptor
Processing OG767_30935...
cat: -: Bad file descriptor
No results found for ADHAQ_RS0115825
Processing AM218_RS09445...
cat: -: Bad file descriptor
Processing OHA92_18970...
cat: -: Bad file descriptor
No results found for AM218_RS09445
Processing AXW84_RS06200...
cat: -: Bad file descriptor
Processing OG946_04170...
cat: -: Bad file descriptor
No results found for AXW84_RS06200
Processing BXY85_RS04935...
cat: -: Bad file descriptor
Processing OIE91_12440...
cat: -: Bad file descriptor
No results found for BXY85_RS04935
Processing F0145_RS01635...
cat: -: Bad file descriptor
Processing OG948_31715...
cat: -: Bad file descriptor
No results found for F0145_RS01635
Processing GBO36_RS05840...
cat: -: Bad file descriptor
Processing OIF23_11790...
cat: -: Bad file descriptor
No results found for GBO36_RS05840
Processing GU926_RS05490...
cat: -: Bad file descriptor
Processing OHA73_01375...
cat: -: Bad file descriptor
No results found for GU926_RS05490
Processing HUW48_RS15890...
cat: -: Bad file descriptor
No results found for HUW48_RS15890
Processing HUW51_RS16615...
cat: -: Bad file descriptor
Conversion complete. Results saved to samhals/cluster_analysis/cluster9.tsv
All FASTA sequences saved to samhals/cluster_analysis/cluster9.fasta
Processing OHT21_19445...
cat: -: Bad file descriptor
No results found for HUW51_RS16615
Processing TH63_RS10625...
cat: -: Bad file descriptor
Processing AQ1685_RS07820...
cat: -: Bad file descriptor
No results found for TH63_RS10625
Conversion complete. Results saved to samhals/cluster_analysis/cluster12.tsv
All FASTA sequences saved to samhals/cluster_analysis/cluster12.fasta
No results found for AQ1685_RS07820
Processing AXE80_RS00705...
cat: -: Bad file descriptor
Conversion complete. Results saved to samhals/cluster_analysis/cluster10.tsv
All FASTA sequences saved to samhals/cluster_analysis/cluster10.fasta
No results found for AXE80_RS00705
Processing BST97_RS03565...
cat: -: Bad file descriptor
No results found for BST97_RS03565
Processing BTO06_RS05110...
cat: -: Bad file descriptor
No results found for BTO06_RS05110
Processing DFQ09_RS04685...
cat: -: Bad file descriptor
No results found for DFQ09_RS04685
Processing EAG08_RS19370...
cat: -: Bad file descriptor
No results found for EAG08_RS19370
Processing EQY75_RS04790...
cat: -: Bad file descriptor
Processing OG511_37930...
cat: -: Bad file descriptor
No results found for EQY75_RS04790
Processing GH721_RS01685...
cat: -: Bad file descriptor
No results found for GH721_RS01685
Processing JQC67_RS11755...
cat: -: Bad file descriptor
Processing OG512_04495...
cat: -: Bad file descriptor
No results found for JQC67_RS11755
Processing LV716_RS17810...
cat: -: Bad file descriptor
No results found for LV716_RS17810
Conversion complete. Results saved to samhals/cluster_analysis/cluster13.tsv
All FASTA sequences saved to samhals/cluster_analysis/cluster13.fasta
Processing OG581_06195...
cat: -: Bad file descriptor
Processing OG941_06280...
cat: -: Bad file descriptor
Processing OG417_15765...
cat: -: Bad file descriptor
Processing OHA28_45185...
cat: -: Bad file descriptor
Conversion complete. Results saved to samhals/cluster_analysis/cluster15.tsv
All FASTA sequences saved to samhals/cluster_analysis/cluster15.fasta
Processing OHA58_38225...
cat: -: Bad file descriptor
Processing OHT17_46725...
cat: -: Bad file descriptor
Processing CA724_RS09065...
cat: -: Bad file descriptor
Processing OHU19_05345...
cat: -: Bad file descriptor
No results found for CA724_RS09065
Processing CA737_RS15315...
cat: -: Bad file descriptor
No results found for CA737_RS15315
Processing CDC35_RS14020...
cat: -: Bad file descriptor
Processing OHU25_05605...
cat: -: Bad file descriptor
No results found for CDC35_RS14020
Processing CDC37_RS05385...
cat: -: Bad file descriptor
No results found for CDC37_RS05385
Processing FD725_RS12730...
cat: -: Bad file descriptor
Processing OHU69_46140...
cat: -: Bad file descriptor
No results found for FD725_RS12730
Processing NOS3756_RS11975...
cat: -: Bad file descriptor
No results found for NOS3756_RS11975
Processing NPUN_RS17505...
cat: -: Bad file descriptor
Processing OG573_12835...
cat: -: Bad file descriptor
Conversion complete. Results saved to samhals/cluster_analysis/cluster14.tsv
All FASTA sequences saved to samhals/cluster_analysis/cluster14.fasta
No results found for NPUN_RS17505
Conversion complete. Results saved to samhals/cluster_analysis/cluster16.tsv
All FASTA sequences saved to samhals/cluster_analysis/cluster16.fasta
Processing OG816_19045...
cat: -: Bad file descriptor
Processing OG820_20340...
cat: -: Bad file descriptor
Processing OG827_19365...
cat: -: Bad file descriptor
Processing OG974_21525...
cat: -: Bad file descriptor
Processing OHA65_18965...
cat: -: Bad file descriptor
Conversion complete. Results saved to samhals/cluster_analysis/cluster17.tsv
All FASTA sequences saved to samhals/cluster_analysis/cluster17.fasta
